<?xml version="1.0" encoding="UTF-8"?>
<robot generator="Robot 7.2.2 (Python 3.12.1 on win32)" generated="2025-03-15T10:51:19.455073" rpa="false" schemaversion="5">
<suite id="s1" name="TestTiki" source="D:\Pycharm\code\Playwright\playwright-newcommer\TestTiki.robot">
<test id="s1-t1" name="Test Open Browser" line="6">
<kw name="Openandwaitforpageload" owner="Openbrowser">
<msg time="2025-03-15T10:51:33.694600" level="INFO">Opening browser</msg>
<msg time="2025-03-15T10:51:33.694600" level="INFO">${browser} = None</msg>
<var>${browser}</var>
<arg>https://tiki.vn</arg>
<status status="PASS" start="2025-03-15T10:51:19.634278" elapsed="14.060322"/>
</kw>
<kw name="Sleep" owner="BuiltIn">
<msg time="2025-03-15T10:51:38.695808" level="INFO">Slept 5 seconds.</msg>
<arg>5s</arg>
<doc>Pauses the test executed for the given time.</doc>
<status status="PASS" start="2025-03-15T10:51:33.694600" elapsed="5.001208"/>
</kw>
<kw name="Close Broser Session" owner="Openbrowser">
<msg time="2025-03-15T10:51:46.058748" level="INFO">Closed browser</msg>
<status status="PASS" start="2025-03-15T10:51:38.695808" elapsed="7.362940"/>
</kw>
<status status="PASS" start="2025-03-15T10:51:19.633265" elapsed="26.426672"/>
</test>
<status status="PASS" start="2025-03-15T10:51:19.457149" elapsed="26.605964"/>
</suite>
<statistics>
<total>
<stat pass="1" fail="0" skip="0">All Tests</stat>
</total>
<tag>
</tag>
<suite>
<stat name="TestTiki" id="s1" pass="1" fail="0" skip="0">TestTiki</stat>
</suite>
</statistics>
<errors>
</errors>
</robot>
