<?xml version="1.0" encoding="UTF-8"?>
<robot generator="Robot 7.2.2 (Python 3.12.1 on win32)" generated="2025-03-22T23:45:03.518057" rpa="false" schemaversion="5">
<suite id="s1" name="TestTiki" source="D:\Pycharm\code\Playwright\playwright-newcommer\TestTiki.robot">
<test id="s1-t1" name="Test Open Browser" line="8">
<kw name="Sign Up With New User" owner="Keywork">
<kw name="Openandwaitforpageload" owner="Openbrowser">
<msg time="2025-03-22T23:45:12.979502" level="INFO">Browser opened successfully</msg>
<msg time="2025-03-22T23:45:12.979502" level="INFO">${browser} = &lt;selenium.webdriver.firefox.webdriver.WebDriver (session="01cbf47e-2ab3-48e8-8326-901637569047")&gt;</msg>
<var>${browser}</var>
<arg>https://roadmap.sh/signup</arg>
<status status="PASS" start="2025-03-22T23:45:03.747932" elapsed="9.231570"/>
</kw>
<kw name="Loadyamlfile" owner="Openbrowser">
<msg time="2025-03-22T23:45:12.985620" level="INFO">${element} = {'login_page': {'username': "//input[@placeholder='Full Name']", 'email': "//input[@placeholder='Email Address']", 'password': "//input[@placeholder='Password']", 'button_submit': "//button[@type='sub...</msg>
<var>${element}</var>
<arg>${ELEMENT_FILE}</arg>
<status status="PASS" start="2025-03-22T23:45:12.980500" elapsed="0.005120"/>
</kw>
<kw name="Input Value" owner="Openbrowser">
<msg time="2025-03-22T23:45:13.063788" level="INFO">Input value chilinh1</msg>
<arg>${element}[login_page][username]</arg>
<arg>${username}</arg>
<status status="PASS" start="2025-03-22T23:45:12.986656" elapsed="0.077132"/>
</kw>
<kw name="Input Value" owner="Openbrowser">
<msg time="2025-03-22T23:45:13.099205" level="INFO">Input value vvovanchilinhdh17dt@gmail.com</msg>
<arg>${element}[login_page][email]</arg>
<arg>${email}</arg>
<status status="PASS" start="2025-03-22T23:45:13.063788" elapsed="0.036413"/>
</kw>
<kw name="Input Value" owner="Openbrowser">
<msg time="2025-03-22T23:45:13.122752" level="INFO">Input value 321733111</msg>
<arg>${element}[login_page][password]</arg>
<arg>${password}</arg>
<status status="PASS" start="2025-03-22T23:45:13.100201" elapsed="0.022551"/>
</kw>
<kw name="Click Element By Xpath" owner="Openbrowser">
<msg time="2025-03-22T23:45:13.349698" level="INFO">Clicked element with Xpath: //button[@type='submit']</msg>
<arg>${element}[login_page][button_submit]</arg>
<status status="PASS" start="2025-03-22T23:45:13.122752" elapsed="0.226946"/>
</kw>
<kw name="Sleep" owner="BuiltIn">
<msg time="2025-03-22T23:45:18.349901" level="INFO">Slept 5 seconds.</msg>
<arg>5s</arg>
<doc>Pauses the test executed for the given time.</doc>
<status status="PASS" start="2025-03-22T23:45:13.349698" elapsed="5.000203"/>
</kw>
<kw name="Validatetextinpage" owner="Openbrowser">
<msg time="2025-03-22T23:45:18.355226" level="INFO">✅ Text 'Verify your email address' is visible in page.</msg>
<arg>Verify your email address</arg>
<status status="PASS" start="2025-03-22T23:45:18.349901" elapsed="0.006369"/>
</kw>
<arg>${user}</arg>
<arg>${mail}</arg>
<arg>${pass}</arg>
<doc>Create an user using custom creds</doc>
<status status="PASS" start="2025-03-22T23:45:03.745605" elapsed="14.610665"/>
</kw>
<kw name="Sleep" owner="BuiltIn">
<msg time="2025-03-22T23:45:23.356563" level="INFO">Slept 5 seconds.</msg>
<arg>5s</arg>
<doc>Pauses the test executed for the given time.</doc>
<status status="PASS" start="2025-03-22T23:45:18.356270" elapsed="5.000293"/>
</kw>
<kw name="Close Broser Session" owner="Openbrowser" type="TEARDOWN">
<msg time="2025-03-22T23:45:31.291417" level="INFO">Closed browser</msg>
<status status="PASS" start="2025-03-22T23:45:23.356563" elapsed="7.934854"/>
</kw>
<tag>Signup</tag>
<status status="PASS" start="2025-03-22T23:45:03.699416" elapsed="27.593073"/>
</test>
<status status="PASS" start="2025-03-22T23:45:03.519055" elapsed="27.774539"/>
</suite>
<statistics>
<total>
<stat pass="1" fail="0" skip="0">All Tests</stat>
</total>
<tag>
<stat pass="1" fail="0" skip="0">Signup</stat>
</tag>
<suite>
<stat name="TestTiki" id="s1" pass="1" fail="0" skip="0">TestTiki</stat>
</suite>
</statistics>
<errors>
</errors>
</robot>
